TN:
SF:/project/src/frentreprise.js
FN:17,(anonymous_0)
FN:28,(anonymous_1)
FN:45,(anonymous_2)
FN:71,(anonymous_3)
FN:73,(anonymous_4)
FN:97,(anonymous_5)
FN:101,(anonymous_6)
FN:131,(anonymous_7)
FN:167,(anonymous_8)
FN:171,(anonymous_9)
FN:172,(anonymous_10)
FN:175,(anonymous_11)
FN:181,(anonymous_12)
FN:182,(anonymous_13)
FN:186,(anonymous_14)
FN:193,(anonymous_15)
FN:195,(anonymous_16)
FN:202,(anonymous_17)
FN:204,(anonymous_18)
FN:221,(anonymous_19)
FN:223,(anonymous_20)
FNF:21
FNH:21
FNDA:1,(anonymous_0)
FNDA:7,(anonymous_1)
FNDA:8,(anonymous_2)
FNDA:9,(anonymous_3)
FNDA:4,(anonymous_4)
FNDA:7,(anonymous_5)
FNDA:9,(anonymous_6)
FNDA:7,(anonymous_7)
FNDA:6,(anonymous_8)
FNDA:5,(anonymous_9)
FNDA:4,(anonymous_10)
FNDA:3,(anonymous_11)
FNDA:1,(anonymous_12)
FNDA:1,(anonymous_13)
FNDA:19,(anonymous_14)
FNDA:4,(anonymous_15)
FNDA:14,(anonymous_16)
FNDA:14,(anonymous_17)
FNDA:3,(anonymous_18)
FNDA:4,(anonymous_19)
FNDA:15,(anonymous_20)
DA:10,1
DA:18,1
DA:19,1
DA:20,1
DA:21,1
DA:29,7
DA:31,7
DA:32,7
DA:34,7
DA:35,1
DA:38,6
DA:40,6
DA:45,6
DA:46,8
DA:52,8
DA:61,6
DA:64,6
DA:70,6
DA:72,9
DA:73,7
DA:74,4
DA:80,4
DA:82,4
DA:94,6
DA:98,7
DA:99,7
DA:101,7
DA:102,9
DA:104,9
DA:105,1
DA:110,8
DA:111,2
DA:116,1
DA:118,2
DA:125,6
DA:131,6
DA:133,7
DA:135,7
DA:137,7
DA:138,6
DA:139,3
DA:145,6
DA:146,2
DA:154,4
DA:155,4
DA:162,7
DA:164,7
DA:168,6
DA:172,5
DA:176,3
DA:177,2
DA:182,1
DA:183,1
DA:187,19
DA:188,19
DA:190,19
DA:194,4
DA:196,14
DA:202,14
DA:203,14
DA:204,3
DA:209,14
DA:215,14
DA:222,4
DA:223,15
DA:229,1
DA:230,1
DA:231,1
DA:232,1
DA:233,1
DA:234,1
DA:235,1
LF:72
LH:72
BRDA:34,0,0,1
BRDA:34,0,1,6
BRDA:34,1,0,7
BRDA:34,1,1,6
BRDA:38,2,0,1
BRDA:38,2,1,5
BRDA:61,3,0,5
BRDA:61,3,1,1
BRDA:72,4,0,7
BRDA:72,4,1,2
BRDA:104,5,0,1
BRDA:104,5,1,8
BRDA:110,6,0,2
BRDA:110,6,1,6
BRDA:111,7,0,1
BRDA:111,7,1,1
BRDA:112,8,0,2
BRDA:112,8,1,2
BRDA:112,8,2,1
BRDA:133,9,0,7
BRDA:133,9,1,4
BRDA:133,9,2,3
BRDA:135,10,0,7
BRDA:135,10,1,2
BRDA:137,11,0,6
BRDA:137,11,1,1
BRDA:138,12,0,3
BRDA:138,12,1,3
BRDA:145,13,0,2
BRDA:145,13,1,4
BRDA:164,14,0,1
BRDA:164,14,1,6
BRDA:164,15,0,7
BRDA:164,15,1,4
BRDA:176,16,0,2
BRDA:176,16,1,1
BRDA:187,17,0,19
BRDA:187,17,1,19
BRDA:188,18,0,19
BRDA:188,18,1,19
BRDA:190,19,0,14
BRDA:190,19,1,5
BRDA:190,20,0,4
BRDA:190,20,1,1
BRDA:203,21,0,3
BRDA:203,21,1,11
BRDA:205,22,0,10
BRDA:205,22,1,1
BRDA:205,23,0,11
BRDA:205,23,1,10
BRF:50
BRH:50
end_of_record
TN:
SF:/project/src/DataSources/ApiGouv/ApiGouv.js
FN:13,(anonymous_0)
FN:25,(anonymous_1)
FN:40,(anonymous_2)
FN:50,(anonymous_3)
FN:54,(anonymous_4)
FN:87,(anonymous_5)
FN:87,(anonymous_6)
FN:91,(anonymous_7)
FNF:8
FNH:8
FNDA:2,(anonymous_0)
FNDA:1,(anonymous_1)
FNDA:1,(anonymous_2)
FNDA:1,(anonymous_3)
FNDA:11,(anonymous_4)
FNDA:21,(anonymous_5)
FNDA:21,(anonymous_6)
FNDA:11,(anonymous_7)
DA:7,2
DA:14,2
DA:15,2
DA:17,2
DA:21,2
DA:26,1
DA:41,1
DA:51,1
DA:55,11
DA:57,11
DA:67,11
DA:68,7
DA:70,7
DA:71,6
DA:74,7
DA:75,6
DA:78,7
DA:79,4
DA:83,7
DA:84,7
DA:87,21
DA:88,21
DA:91,11
DA:92,11
DA:95,11
LF:25
LH:25
BRDA:13,0,0,2
BRDA:67,1,0,7
BRDA:67,1,1,4
BRDA:67,2,0,11
BRDA:67,2,1,8
BRDA:70,3,0,6
BRDA:70,3,1,1
BRDA:74,4,0,6
BRDA:74,4,1,1
BRDA:78,5,0,4
BRDA:78,5,1,3
BRDA:79,6,0,4
BRDA:79,6,1,2
BRDA:80,7,0,4
BRDA:80,7,1,2
BRF:15
BRH:15
end_of_record
TN:
SF:/project/src/DataSources/ApiGouv/utils.js
FN:17,(anonymous_0)
FN:18,(anonymous_1)
FN:22,(anonymous_2)
FNF:3
FNH:3
FNDA:30,(anonymous_0)
FNDA:30,(anonymous_1)
FNDA:79,(anonymous_2)
DA:4,36
DA:6,36
DA:10,14
DA:17,30
DA:18,30
DA:23,79
DA:25,79
DA:26,79
DA:28,58
DA:29,45
DA:32,21
DA:33,8
DA:35,8
DA:36,8
DA:37,8
DA:38,8
DA:40,8
DA:41,8
DA:54,8
DA:58,8
DA:59,8
DA:71,13
DA:75,79
LF:23
LH:23
BRDA:4,0,0,7
BRDA:4,0,1,29
BRDA:6,1,0,36
BRDA:6,1,1,12
BRDA:6,1,2,24
BRDA:11,2,0,14
BRDA:11,2,1,4
BRDA:11,3,0,14
BRDA:11,3,1,5
BRDA:11,4,0,14
BRDA:11,4,1,5
BRDA:12,5,0,14
BRDA:12,5,1,9
BRDA:12,6,0,14
BRDA:12,6,1,12
BRDA:13,7,0,14
BRDA:13,7,1,6
BRDA:28,8,0,45
BRDA:28,8,1,13
BRDA:28,9,0,58
BRDA:28,9,1,52
BRDA:32,10,0,8
BRDA:32,10,1,13
BRDA:32,11,0,21
BRDA:32,11,1,9
BRDA:35,12,0,6
BRDA:35,12,1,2
BRDA:36,13,0,7
BRDA:36,13,1,1
BRDA:37,14,0,6
BRDA:37,14,1,2
BRDA:38,15,0,6
BRDA:38,15,1,2
BRDA:42,16,0,8
BRDA:42,16,1,7
BRDA:42,16,2,4
BRDA:44,17,0,3
BRDA:44,17,1,1
BRDA:44,18,0,4
BRDA:44,18,1,2
BRDA:46,19,0,3
BRDA:46,19,1,1
BRDA:49,20,0,3
BRDA:49,20,1,2
BRDA:49,20,2,1
BRDA:54,21,0,1
BRDA:54,21,1,7
BRDA:58,22,0,8
BRDA:58,22,1,8
BRF:49
BRH:49
end_of_record
TN:
SF:/project/src/DataSources/ApiGouv/EntreprisesAPI/attestation_acoss.js
FN:3,(anonymous_0)
FN:8,(anonymous_1)
FNF:2
FNH:2
FNDA:5,(anonymous_0)
FNDA:3,(anonymous_1)
DA:3,3
DA:4,5
DA:9,3
DA:10,2
DA:11,1
LF:5
LH:5
BRDA:9,0,0,2
BRDA:9,0,1,1
BRDA:9,1,0,3
BRDA:9,1,1,3
BRDA:10,2,0,1
BRDA:10,2,1,1
BRDA:10,3,0,2
BRDA:10,3,1,1
BRF:8
BRH:8
end_of_record
TN:
SF:/project/src/DataSources/ApiGouv/EntreprisesAPI/attestation_dgfip.js
FN:3,(anonymous_0)
FN:8,(anonymous_1)
FNF:2
FNH:2
FNDA:5,(anonymous_0)
FNDA:3,(anonymous_1)
DA:3,3
DA:4,5
DA:9,3
DA:10,2
DA:11,1
LF:5
LH:5
BRDA:9,0,0,2
BRDA:9,0,1,1
BRDA:9,1,0,3
BRDA:9,1,1,3
BRDA:10,2,0,1
BRDA:10,2,1,1
BRDA:10,3,0,2
BRDA:10,3,1,1
BRF:8
BRH:8
end_of_record
TN:
SF:/project/src/DataSources/ApiGouv/EntreprisesAPI/getEntreprise.js
FN:3,(anonymous_0)
FN:8,(anonymous_1)
FN:12,(anonymous_2)
FN:31,(anonymous_3)
FNF:4
FNH:4
FNDA:9,(anonymous_0)
FNDA:7,(anonymous_1)
FNDA:6,(anonymous_2)
FNDA:2,(anonymous_3)
DA:3,3
DA:4,9
DA:9,7
DA:10,6
DA:12,6
DA:13,6
DA:14,1
DA:18,6
DA:22,2
DA:25,2
DA:29,6
DA:30,1
DA:31,1
DA:32,2
LF:14
LH:14
BRDA:9,0,0,6
BRDA:9,0,1,1
BRDA:9,1,0,7
BRDA:9,1,1,7
BRDA:13,2,0,1
BRDA:13,2,1,5
BRDA:18,3,0,2
BRDA:18,3,1,4
BRDA:19,4,0,6
BRDA:19,4,1,2
BRDA:23,5,0,2
BRDA:23,5,1,1
BRDA:26,6,0,2
BRDA:26,6,1,1
BRDA:29,7,0,1
BRDA:29,7,1,5
BRF:16
BRH:16
end_of_record
TN:
SF:/project/src/DataSources/ApiGouv/EntreprisesAPI/getLegacy.js
FN:3,(anonymous_0)
FN:8,(anonymous_1)
FN:19,(anonymous_2)
FNF:3
FNH:3
FNDA:7,(anonymous_0)
FNDA:5,(anonymous_1)
FNDA:28,(anonymous_2)
DA:3,3
DA:4,7
DA:9,5
DA:10,4
DA:11,4
DA:20,28
DA:21,27
DA:24,4
DA:25,4
DA:26,4
DA:28,4
DA:32,3
DA:35,4
LF:13
LH:13
BRDA:9,0,0,4
BRDA:9,0,1,1
BRDA:9,1,0,5
BRDA:9,1,1,5
BRDA:20,2,0,1
BRDA:20,2,1,27
BRDA:21,3,0,27
BRDA:21,3,1,23
BRDA:28,4,0,3
BRDA:28,4,1,1
BRDA:29,5,0,4
BRDA:29,5,1,1
BRDA:36,6,0,4
BRDA:36,6,1,3
BRF:14
BRH:14
end_of_record
TN:
SF:/project/src/DataSources/ApiGouv/EntreprisesAPI/index.js
FNF:0
FNH:0
LF:0
LH:0
BRF:0
BRH:0
end_of_record
TN:
SF:/project/src/DataSources/ApiGouv/EtablissementsAPI/agefiph.js
FN:3,(anonymous_0)
FN:8,(anonymous_1)
FNF:2
FNH:2
FNDA:4,(anonymous_0)
FNDA:2,(anonymous_1)
DA:3,3
DA:4,4
DA:9,2
LF:3
LH:3
BRDA:10,0,0,2
BRDA:10,0,1,1
BRF:2
BRH:2
end_of_record
TN:
SF:/project/src/DataSources/ApiGouv/EtablissementsAPI/association.js
FN:3,(anonymous_0)
FN:8,(anonymous_1)
FNF:2
FNH:2
FNDA:6,(anonymous_0)
FNDA:4,(anonymous_1)
DA:3,3
DA:4,6
DA:9,4
DA:15,1
LF:4
LH:4
BRDA:9,0,0,1
BRDA:9,0,1,3
BRDA:10,1,0,4
BRDA:10,1,1,3
BRDA:10,1,2,3
BRDA:10,1,3,2
BRF:6
BRH:6
end_of_record
TN:
SF:/project/src/DataSources/ApiGouv/EtablissementsAPI/document_association.js
FN:3,(anonymous_0)
FN:8,(anonymous_1)
FN:12,(anonymous_2)
FNF:3
FNH:3
FNDA:5,(anonymous_0)
FNDA:3,(anonymous_1)
FNDA:4,(anonymous_2)
DA:3,3
DA:4,5
DA:9,3
DA:10,2
DA:11,2
DA:13,4
DA:20,2
DA:21,1
LF:8
LH:8
BRDA:9,0,0,2
BRDA:9,0,1,1
BRDA:9,1,0,3
BRDA:9,1,1,2
BRDA:13,2,0,4
BRDA:13,2,1,3
BRDA:13,2,2,2
BRDA:13,2,3,2
BRDA:20,3,0,1
BRDA:20,3,1,1
BRDA:20,4,0,2
BRDA:20,4,1,2
BRF:12
BRH:12
end_of_record
TN:
SF:/project/src/DataSources/ApiGouv/EtablissementsAPI/exercices.js
FN:3,(anonymous_0)
FN:8,(anonymous_1)
FN:11,(anonymous_2)
FNF:3
FNH:3
FNDA:4,(anonymous_0)
FNDA:2,(anonymous_1)
FNDA:3,(anonymous_2)
DA:3,3
DA:4,4
DA:9,2
DA:10,1
DA:11,1
DA:12,3
LF:6
LH:6
BRDA:9,0,0,1
BRDA:9,0,1,1
BRDA:9,1,0,2
BRDA:9,1,1,2
BRDA:14,2,0,3
BRDA:14,2,1,1
BRF:6
BRH:6
end_of_record
TN:
SF:/project/src/DataSources/ApiGouv/EtablissementsAPI/getEtablissement.js
FN:3,(anonymous_0)
FN:8,(anonymous_1)
FNF:2
FNH:2
FNDA:9,(anonymous_0)
FNDA:7,(anonymous_1)
DA:3,3
DA:4,9
DA:9,7
DA:10,6
DA:12,6
DA:14,6
DA:15,2
DA:16,2
DA:17,2
DA:23,6
DA:26,6
DA:29,6
DA:32,6
DA:33,2
DA:36,2
DA:38,2
LF:16
LH:16
BRDA:9,0,0,6
BRDA:9,0,1,1
BRDA:9,1,0,7
BRDA:9,1,1,7
BRDA:14,2,0,2
BRDA:14,2,1,4
BRDA:14,3,0,6
BRDA:14,3,1,2
BRDA:18,4,0,2
BRDA:18,4,1,1
BRDA:18,4,2,1
BRDA:24,5,0,6
BRDA:24,5,1,1
BRDA:24,5,2,5
BRDA:27,6,0,6
BRDA:27,6,1,1
BRDA:27,6,2,5
BRDA:30,7,0,1
BRDA:30,7,1,5
BRDA:30,8,0,6
BRDA:30,8,1,1
BRDA:32,9,0,2
BRDA:32,9,1,4
BRDA:39,10,0,2
BRDA:39,10,1,1
BRF:25
BRH:25
end_of_record
TN:
SF:/project/src/DataSources/ApiGouv/EtablissementsAPI/getLegacy.js
FN:3,(anonymous_0)
FN:8,(anonymous_1)
FN:20,(anonymous_2)
FNF:3
FNH:3
FNDA:6,(anonymous_0)
FNDA:4,(anonymous_1)
FNDA:21,(anonymous_2)
DA:3,3
DA:4,6
DA:9,4
DA:10,3
DA:12,3
DA:21,21
DA:22,20
DA:25,3
DA:29,2
DA:32,3
LF:10
LH:10
BRDA:9,0,0,3
BRDA:9,0,1,1
BRDA:9,1,0,4
BRDA:9,1,1,4
BRDA:21,2,0,1
BRDA:21,2,1,20
BRDA:22,3,0,20
BRDA:22,3,1,16
BRDA:25,4,0,2
BRDA:25,4,1,1
BRDA:26,5,0,3
BRDA:26,5,1,1
BRDA:33,6,0,3
BRDA:33,6,1,2
BRF:14
BRH:14
end_of_record
TN:
SF:/project/src/DataSources/ApiGouv/EtablissementsAPI/index.js
FNF:0
FNH:0
LF:0
LH:0
BRF:0
BRH:0
end_of_record
TN:
SF:/project/src/DataSources/ApiGouv/EtablissementsAPI/predecesseur.js
FN:3,(anonymous_0)
FN:8,(anonymous_1)
FNF:2
FNH:2
FNDA:4,(anonymous_0)
FNDA:2,(anonymous_1)
DA:3,3
DA:4,4
DA:9,2
DA:10,1
DA:12,1
LF:5
LH:5
BRDA:9,0,0,1
BRDA:9,0,1,1
BRDA:9,1,0,2
BRDA:9,1,1,2
BRF:4
BRH:4
end_of_record
TN:
SF:/project/src/DataSources/ApiGouv/EtablissementsAPI/successeur.js
FN:3,(anonymous_0)
FN:8,(anonymous_1)
FNF:2
FNH:2
FNDA:4,(anonymous_0)
FNDA:2,(anonymous_1)
DA:3,3
DA:4,4
DA:9,2
DA:10,1
DA:12,1
LF:5
LH:5
BRDA:9,0,0,1
BRDA:9,0,1,1
BRDA:9,1,0,2
BRDA:9,1,1,2
BRF:4
BRH:4
end_of_record
TN:
SF:/project/src/Entreprise/BaseModel.js
FN:5,(anonymous_0)
FN:9,(anonymous_1)
FN:13,(anonymous_2)
FN:17,(anonymous_3)
FN:26,(anonymous_4)
FN:29,(anonymous_5)
FNF:6
FNH:6
FNDA:32,(anonymous_0)
FNDA:36,(anonymous_1)
FNDA:29,(anonymous_2)
FNDA:97,(anonymous_3)
FNDA:152,(anonymous_4)
FNDA:87,(anonymous_5)
DA:1,4
DA:2,4
DA:6,32
DA:10,36
DA:14,29
DA:18,97
DA:19,96
DA:26,97
DA:27,152
DA:28,72
DA:30,87
DA:38,4
LF:12
LH:12
BRDA:5,0,0,28
BRDA:17,1,0,56
BRDA:18,2,0,96
BRDA:18,2,1,1
BRDA:20,3,0,41
BRDA:20,3,1,55
BRDA:27,4,0,72
BRDA:27,4,1,80
BRF:8
BRH:8
end_of_record
TN:
SF:/project/src/Entreprise/Entreprise.js
FN:10,(anonymous_0)
FN:17,(anonymous_1)
FN:26,(anonymous_2)
FN:46,(anonymous_3)
FN:54,(anonymous_4)
FN:64,(anonymous_5)
FN:66,(anonymous_6)
FNF:7
FNH:7
FNDA:18,(anonymous_0)
FNDA:60,(anonymous_1)
FNDA:6,(anonymous_2)
FNDA:15,(anonymous_3)
FNDA:13,(anonymous_4)
FNDA:33,(anonymous_5)
FNDA:25,(anonymous_6)
DA:6,3
DA:7,3
DA:11,18
DA:12,18
DA:13,18
DA:14,18
DA:18,60
DA:19,60
DA:21,60
DA:22,4
DA:23,2
DA:26,4
DA:27,6
DA:28,5
DA:29,3
DA:36,4
DA:39,60
DA:47,15
DA:55,13
DA:65,33
DA:66,25
LF:21
LH:21
BRDA:10,0,0,6
BRDA:21,1,0,4
BRDA:21,1,1,56
BRDA:22,2,0,2
BRDA:22,2,1,2
BRDA:27,3,0,5
BRDA:27,3,1,1
BRDA:27,4,0,6
BRDA:27,4,1,6
BRDA:28,5,0,3
BRDA:28,5,1,2
BRDA:64,6,0,19
BRDA:66,7,0,33
BRDA:66,7,1,16
BRDA:66,7,2,7
BRDA:66,7,3,7
BRDA:66,7,4,9
BRF:17
BRH:17
end_of_record
TN:
SF:/project/src/Entreprise/Etablissement.js
FN:7,(anonymous_0)
FN:13,(anonymous_1)
FNF:2
FNH:2
FNDA:10,(anonymous_0)
FNDA:30,(anonymous_1)
DA:4,3
DA:8,10
DA:9,10
DA:10,10
DA:14,30
DA:15,20
DA:16,20
DA:17,4
DA:19,4
DA:25,4
DA:29,30
LF:11
LH:11
BRDA:14,0,0,20
BRDA:14,0,1,10
BRDA:15,1,0,20
BRDA:15,1,1,20
BRDA:16,2,0,4
BRDA:16,2,1,16
BRDA:16,3,0,20
BRDA:16,3,1,4
BRF:8
BRH:8
end_of_record
TN:
SF:/project/src/Entreprise/index.js
FNF:0
FNH:0
LF:0
LH:0
BRF:0
BRH:0
end_of_record
TN:
SF:/project/src/Utils/index.js
FN:3,cleanObject
FN:6,(anonymous_1)
FNF:2
FNH:2
FNDA:31,cleanObject
FNDA:69,(anonymous_1)
DA:4,31
DA:6,31
DA:7,69
DA:8,66
DA:10,69
LF:5
LH:5
BRDA:7,0,0,66
BRDA:7,0,1,3
BRDA:7,1,0,69
BRDA:7,1,1,67
BRF:4
BRH:4
end_of_record
