TN:
SF:/project/src/frentreprise.js
FN:17,(anonymous_0)
FN:28,(anonymous_1)
FN:45,(anonymous_2)
FN:71,(anonymous_3)
FN:73,(anonymous_4)
FN:97,(anonymous_5)
FN:101,(anonymous_6)
FN:131,(anonymous_7)
FN:166,(anonymous_8)
FN:170,(anonymous_9)
FN:171,(anonymous_10)
FN:174,(anonymous_11)
FN:180,(anonymous_12)
FN:181,(anonymous_13)
FN:185,(anonymous_14)
FN:192,(anonymous_15)
FN:192,(anonymous_16)
FN:194,(anonymous_17)
FN:201,(anonymous_18)
FN:216,(anonymous_19)
FN:219,(anonymous_20)
FNF:21
FNH:7
FNDA:1,(anonymous_0)
FNDA:0,(anonymous_1)
FNDA:0,(anonymous_2)
FNDA:0,(anonymous_3)
FNDA:0,(anonymous_4)
FNDA:0,(anonymous_5)
FNDA:0,(anonymous_6)
FNDA:0,(anonymous_7)
FNDA:4,(anonymous_8)
FNDA:3,(anonymous_9)
FNDA:2,(anonymous_10)
FNDA:2,(anonymous_11)
FNDA:1,(anonymous_12)
FNDA:1,(anonymous_13)
FNDA:0,(anonymous_14)
FNDA:0,(anonymous_15)
FNDA:0,(anonymous_16)
FNDA:0,(anonymous_17)
FNDA:0,(anonymous_18)
FNDA:0,(anonymous_19)
FNDA:0,(anonymous_20)
DA:10,1
DA:18,1
DA:19,1
DA:20,1
DA:21,1
DA:29,0
DA:31,0
DA:32,0
DA:34,0
DA:35,0
DA:38,0
DA:40,0
DA:45,0
DA:46,0
DA:52,0
DA:61,0
DA:64,0
DA:70,0
DA:72,0
DA:73,0
DA:74,0
DA:80,0
DA:82,0
DA:94,0
DA:98,0
DA:99,0
DA:101,0
DA:102,0
DA:104,0
DA:105,0
DA:110,0
DA:111,0
DA:116,0
DA:118,0
DA:125,0
DA:131,0
DA:133,0
DA:135,0
DA:137,0
DA:138,0
DA:139,0
DA:145,0
DA:146,0
DA:154,0
DA:161,0
DA:163,0
DA:167,4
DA:171,3
DA:175,2
DA:176,2
DA:181,1
DA:182,1
DA:186,0
DA:187,0
DA:189,0
DA:192,0
DA:193,0
DA:195,0
DA:201,0
DA:202,0
DA:204,0
DA:210,0
DA:217,0
DA:220,0
DA:227,1
DA:228,1
DA:229,1
DA:230,1
DA:231,1
DA:232,1
LF:70
LH:17
BRDA:34,0,0,0
BRDA:34,0,1,0
BRDA:34,1,0,0
BRDA:34,1,1,0
BRDA:38,2,0,0
BRDA:38,2,1,0
BRDA:61,3,0,0
BRDA:61,3,1,0
BRDA:72,4,0,0
BRDA:72,4,1,0
BRDA:104,5,0,0
BRDA:104,5,1,0
BRDA:110,6,0,0
BRDA:110,6,1,0
BRDA:111,7,0,0
BRDA:111,7,1,0
BRDA:112,8,0,0
BRDA:112,8,1,0
BRDA:112,8,2,0
BRDA:133,9,0,0
BRDA:133,9,1,0
BRDA:133,9,2,0
BRDA:135,10,0,0
BRDA:135,10,1,0
BRDA:137,11,0,0
BRDA:137,11,1,0
BRDA:138,12,0,0
BRDA:138,12,1,0
BRDA:145,13,0,0
BRDA:145,13,1,0
BRDA:163,14,0,0
BRDA:163,14,1,0
BRDA:163,15,0,0
BRDA:163,15,1,0
BRDA:175,16,0,2
BRDA:175,16,1,0
BRDA:186,17,0,0
BRDA:186,17,1,0
BRDA:187,18,0,0
BRDA:187,18,1,0
BRDA:189,19,0,0
BRDA:189,19,1,0
BRDA:189,20,0,0
BRDA:189,20,1,0
BRDA:192,21,0,0
BRDA:220,22,0,0
BRDA:220,22,1,0
BRDA:220,22,2,0
BRDA:220,22,3,0
BRF:49
BRH:1
end_of_record
TN:
SF:/project/src/DataSources/DataSource.js
FN:4,(anonymous_0)
FN:8,(anonymous_1)
FN:12,(anonymous_2)
FNF:3
FNH:0
FNDA:0,(anonymous_0)
FNDA:0,(anonymous_1)
FNDA:0,(anonymous_2)
DA:5,0
DA:9,0
DA:13,0
LF:3
LH:0
BRF:0
BRH:0
end_of_record
TN:
SF:/project/src/DataSources/ApiGouv/ApiGouv.js
FN:13,(anonymous_0)
FN:25,(anonymous_1)
FN:40,(anonymous_2)
FN:50,(anonymous_3)
FN:54,(anonymous_4)
FN:87,(anonymous_5)
FN:87,(anonymous_6)
FN:91,(anonymous_7)
FNF:8
FNH:8
FNDA:2,(anonymous_0)
FNDA:1,(anonymous_1)
FNDA:1,(anonymous_2)
FNDA:1,(anonymous_3)
FNDA:11,(anonymous_4)
FNDA:21,(anonymous_5)
FNDA:21,(anonymous_6)
FNDA:11,(anonymous_7)
DA:7,2
DA:14,2
DA:15,2
DA:17,2
DA:21,2
DA:26,1
DA:41,1
DA:51,1
DA:55,11
DA:57,11
DA:67,11
DA:68,7
DA:70,7
DA:71,6
DA:74,7
DA:75,6
DA:78,7
DA:79,4
DA:83,7
DA:84,7
DA:87,21
DA:88,21
DA:91,11
DA:92,11
DA:95,11
LF:25
LH:25
BRDA:13,0,0,2
BRDA:67,1,0,7
BRDA:67,1,1,4
BRDA:67,2,0,11
BRDA:67,2,1,8
BRDA:70,3,0,6
BRDA:70,3,1,1
BRDA:74,4,0,6
BRDA:74,4,1,1
BRDA:78,5,0,4
BRDA:78,5,1,3
BRDA:79,6,0,4
BRDA:79,6,1,2
BRDA:80,7,0,4
BRDA:80,7,1,2
BRF:15
BRH:15
end_of_record
TN:
SF:/project/src/DataSources/ApiGouv/utils.js
FN:17,(anonymous_0)
FN:18,(anonymous_1)
FN:22,(anonymous_2)
FNF:3
FNH:3
FNDA:24,(anonymous_0)
FNDA:24,(anonymous_1)
FNDA:27,(anonymous_2)
DA:4,22
DA:6,22
DA:10,12
DA:17,24
DA:18,24
DA:23,27
DA:25,27
DA:26,27
DA:28,14
DA:29,13
DA:32,13
DA:33,8
DA:35,8
DA:36,8
DA:37,8
DA:38,8
DA:40,8
DA:41,8
DA:54,8
DA:58,8
DA:59,8
DA:71,5
DA:75,27
LF:23
LH:23
BRDA:4,0,0,1
BRDA:4,0,1,21
BRDA:6,1,0,22
BRDA:6,1,1,5
BRDA:6,1,2,17
BRDA:11,2,0,12
BRDA:11,2,1,2
BRDA:11,3,0,12
BRDA:11,3,1,5
BRDA:11,4,0,12
BRDA:11,4,1,5
BRDA:12,5,0,12
BRDA:12,5,1,7
BRDA:12,6,0,12
BRDA:12,6,1,10
BRDA:13,7,0,12
BRDA:13,7,1,6
BRDA:28,8,0,13
BRDA:28,8,1,1
BRDA:28,9,0,14
BRDA:28,9,1,14
BRDA:32,10,0,8
BRDA:32,10,1,5
BRDA:32,11,0,13
BRDA:32,11,1,9
BRDA:35,12,0,6
BRDA:35,12,1,2
BRDA:36,13,0,7
BRDA:36,13,1,1
BRDA:37,14,0,6
BRDA:37,14,1,2
BRDA:38,15,0,6
BRDA:38,15,1,2
BRDA:42,16,0,8
BRDA:42,16,1,7
BRDA:42,16,2,4
BRDA:44,17,0,3
BRDA:44,17,1,1
BRDA:44,18,0,4
BRDA:44,18,1,2
BRDA:46,19,0,3
BRDA:46,19,1,1
BRDA:49,20,0,3
BRDA:49,20,1,2
BRDA:49,20,2,1
BRDA:54,21,0,1
BRDA:54,21,1,7
BRDA:58,22,0,8
BRDA:58,22,1,8
BRF:49
BRH:49
end_of_record
TN:
SF:/project/src/DataSources/ApiGouv/EntreprisesAPI/attestation_acoss.js
FN:3,(anonymous_0)
FN:8,(anonymous_1)
FNF:2
FNH:2
FNDA:2,(anonymous_0)
FNDA:1,(anonymous_1)
DA:3,3
DA:4,2
DA:9,1
DA:10,1
DA:11,1
LF:5
LH:5
BRDA:9,0,0,1
BRDA:9,0,1,0
BRDA:9,1,0,1
BRDA:9,1,1,1
BRDA:10,2,0,1
BRDA:10,2,1,0
BRDA:10,3,0,1
BRDA:10,3,1,1
BRF:8
BRH:6
end_of_record
TN:
SF:/project/src/DataSources/ApiGouv/EntreprisesAPI/attestation_dgfip.js
FN:3,(anonymous_0)
FN:8,(anonymous_1)
FNF:2
FNH:2
FNDA:2,(anonymous_0)
FNDA:1,(anonymous_1)
DA:3,3
DA:4,2
DA:9,1
DA:10,1
DA:11,1
LF:5
LH:5
BRDA:9,0,0,1
BRDA:9,0,1,0
BRDA:9,1,0,1
BRDA:9,1,1,1
BRDA:10,2,0,1
BRDA:10,2,1,0
BRDA:10,3,0,1
BRDA:10,3,1,1
BRF:8
BRH:6
end_of_record
TN:
SF:/project/src/DataSources/ApiGouv/EntreprisesAPI/getEntreprise.js
FN:3,(anonymous_0)
FN:8,(anonymous_1)
FN:12,(anonymous_2)
FN:31,(anonymous_3)
FNF:4
FNH:4
FNDA:7,(anonymous_0)
FNDA:6,(anonymous_1)
FNDA:6,(anonymous_2)
FNDA:2,(anonymous_3)
DA:3,3
DA:4,7
DA:9,6
DA:10,6
DA:12,6
DA:13,6
DA:14,1
DA:18,6
DA:22,2
DA:25,2
DA:29,6
DA:30,1
DA:31,1
DA:32,2
LF:14
LH:14
BRDA:9,0,0,6
BRDA:9,0,1,0
BRDA:9,1,0,6
BRDA:9,1,1,6
BRDA:13,2,0,1
BRDA:13,2,1,5
BRDA:18,3,0,2
BRDA:18,3,1,4
BRDA:19,4,0,6
BRDA:19,4,1,2
BRDA:23,5,0,2
BRDA:23,5,1,0
BRDA:26,6,0,2
BRDA:26,6,1,1
BRDA:29,7,0,1
BRDA:29,7,1,5
BRF:16
BRH:14
end_of_record
TN:
SF:/project/src/DataSources/ApiGouv/EntreprisesAPI/getLegacy.js
FN:3,(anonymous_0)
FN:8,(anonymous_1)
FN:19,(anonymous_2)
FNF:3
FNH:3
FNDA:5,(anonymous_0)
FNDA:4,(anonymous_1)
FNDA:28,(anonymous_2)
DA:3,3
DA:4,5
DA:9,4
DA:10,4
DA:11,4
DA:20,28
DA:21,28
DA:24,4
DA:25,4
DA:26,4
DA:28,4
DA:32,3
DA:35,4
LF:13
LH:13
BRDA:9,0,0,4
BRDA:9,0,1,0
BRDA:9,1,0,4
BRDA:9,1,1,4
BRDA:20,2,0,0
BRDA:20,2,1,28
BRDA:21,3,0,28
BRDA:21,3,1,23
BRDA:28,4,0,3
BRDA:28,4,1,1
BRDA:29,5,0,4
BRDA:29,5,1,1
BRDA:36,6,0,4
BRDA:36,6,1,3
BRF:14
BRH:12
end_of_record
TN:
SF:/project/src/DataSources/ApiGouv/EntreprisesAPI/index.js
FNF:0
FNH:0
LF:0
LH:0
BRF:0
BRH:0
end_of_record
TN:
SF:/project/src/DataSources/ApiGouv/EtablissementsAPI/agefiph.js
FN:3,(anonymous_0)
FN:8,(anonymous_1)
FNF:2
FNH:0
FNDA:0,(anonymous_0)
FNDA:0,(anonymous_1)
DA:3,2
DA:4,0
DA:9,0
LF:3
LH:1
BRDA:10,0,0,0
BRDA:10,0,1,0
BRF:2
BRH:0
end_of_record
TN:
SF:/project/src/DataSources/ApiGouv/EtablissementsAPI/association.js
FN:3,(anonymous_0)
FN:8,(anonymous_1)
FNF:2
FNH:0
FNDA:0,(anonymous_0)
FNDA:0,(anonymous_1)
DA:3,2
DA:4,0
DA:9,0
DA:15,0
LF:4
LH:1
BRDA:9,0,0,0
BRDA:9,0,1,0
BRDA:10,1,0,0
BRDA:10,1,1,0
BRDA:10,1,2,0
BRDA:10,1,3,0
BRF:6
BRH:0
end_of_record
TN:
SF:/project/src/DataSources/ApiGouv/EtablissementsAPI/document_association.js
FN:3,(anonymous_0)
FN:8,(anonymous_1)
FN:12,(anonymous_2)
FNF:3
FNH:0
FNDA:0,(anonymous_0)
FNDA:0,(anonymous_1)
FNDA:0,(anonymous_2)
DA:3,2
DA:4,0
DA:9,0
DA:10,0
DA:11,0
DA:13,0
DA:20,0
LF:7
LH:1
BRDA:9,0,0,0
BRDA:9,0,1,0
BRDA:9,1,0,0
BRDA:9,1,1,0
BRDA:13,2,0,0
BRDA:13,2,1,0
BRDA:13,2,2,0
BRDA:13,2,3,0
BRF:8
BRH:0
end_of_record
TN:
SF:/project/src/DataSources/ApiGouv/EtablissementsAPI/exercices.js
FN:3,(anonymous_0)
FN:8,(anonymous_1)
FN:11,(anonymous_2)
FNF:3
FNH:0
FNDA:0,(anonymous_0)
FNDA:0,(anonymous_1)
FNDA:0,(anonymous_2)
DA:3,2
DA:4,0
DA:9,0
DA:10,0
DA:11,0
DA:12,0
LF:6
LH:1
BRDA:9,0,0,0
BRDA:9,0,1,0
BRDA:9,1,0,0
BRDA:9,1,1,0
BRDA:15,2,0,0
BRDA:15,2,1,0
BRF:6
BRH:0
end_of_record
TN:
SF:/project/src/DataSources/ApiGouv/EtablissementsAPI/getEtablissement.js
FN:3,(anonymous_0)
FN:8,(anonymous_1)
FN:12,(anonymous_2)
FNF:3
FNH:0
FNDA:0,(anonymous_0)
FNDA:0,(anonymous_1)
FNDA:0,(anonymous_2)
DA:3,2
DA:4,0
DA:9,0
DA:10,0
DA:12,0
DA:13,0
DA:16,0
DA:18,0
DA:19,0
DA:20,0
DA:21,0
DA:27,0
DA:30,0
DA:33,0
DA:36,0
DA:39,0
DA:41,0
LF:17
LH:1
BRDA:9,0,0,0
BRDA:9,0,1,0
BRDA:9,1,0,0
BRDA:9,1,1,0
BRDA:18,2,0,0
BRDA:18,2,1,0
BRDA:18,3,0,0
BRDA:18,3,1,0
BRDA:22,4,0,0
BRDA:22,4,1,0
BRDA:22,4,2,0
BRDA:28,5,0,0
BRDA:28,5,1,0
BRDA:28,5,2,0
BRDA:31,6,0,0
BRDA:31,6,1,0
BRDA:31,6,2,0
BRDA:34,7,0,0
BRDA:34,7,1,0
BRDA:34,8,0,0
BRDA:34,8,1,0
BRDA:42,9,0,0
BRDA:42,9,1,0
BRF:23
BRH:0
end_of_record
TN:
SF:/project/src/DataSources/ApiGouv/EtablissementsAPI/getLegacy.js
FN:3,(anonymous_0)
FN:8,(anonymous_1)
FN:20,(anonymous_2)
FNF:3
FNH:0
FNDA:0,(anonymous_0)
FNDA:0,(anonymous_1)
FNDA:0,(anonymous_2)
DA:3,2
DA:4,0
DA:9,0
DA:10,0
DA:12,0
DA:21,0
DA:22,0
DA:25,0
DA:29,0
DA:32,0
LF:10
LH:1
BRDA:9,0,0,0
BRDA:9,0,1,0
BRDA:9,1,0,0
BRDA:9,1,1,0
BRDA:21,2,0,0
BRDA:21,2,1,0
BRDA:22,3,0,0
BRDA:22,3,1,0
BRDA:25,4,0,0
BRDA:25,4,1,0
BRDA:26,5,0,0
BRDA:26,5,1,0
BRDA:33,6,0,0
BRDA:33,6,1,0
BRF:14
BRH:0
end_of_record
TN:
SF:/project/src/DataSources/ApiGouv/EtablissementsAPI/index.js
FNF:0
FNH:0
LF:0
LH:0
BRF:0
BRH:0
end_of_record
TN:
SF:/project/src/DataSources/ApiGouv/EtablissementsAPI/predecesseur.js
FN:3,(anonymous_0)
FN:8,(anonymous_1)
FNF:2
FNH:0
FNDA:0,(anonymous_0)
FNDA:0,(anonymous_1)
DA:3,2
DA:4,0
DA:9,0
DA:10,0
DA:12,0
DA:13,0
LF:6
LH:1
BRDA:9,0,0,0
BRDA:9,0,1,0
BRDA:9,1,0,0
BRDA:9,1,1,0
BRDA:12,2,0,0
BRDA:12,2,1,0
BRF:6
BRH:0
end_of_record
TN:
SF:/project/src/DataSources/ApiGouv/EtablissementsAPI/successeur.js
FN:3,(anonymous_0)
FN:8,(anonymous_1)
FNF:2
FNH:0
FNDA:0,(anonymous_0)
FNDA:0,(anonymous_1)
DA:3,2
DA:4,0
DA:9,0
DA:10,0
DA:12,0
DA:13,0
LF:6
LH:1
BRDA:9,0,0,0
BRDA:9,0,1,0
BRDA:9,1,0,0
BRDA:9,1,1,0
BRDA:12,2,0,0
BRDA:12,2,1,0
BRF:6
BRH:0
end_of_record
TN:
SF:/project/src/Entreprise/BaseModel.js
FN:5,(anonymous_0)
FN:9,(anonymous_1)
FN:13,(anonymous_2)
FN:17,(anonymous_3)
FN:26,(anonymous_4)
FN:29,(anonymous_5)
FNF:6
FNH:6
FNDA:19,(anonymous_0)
FNDA:11,(anonymous_1)
FNDA:16,(anonymous_2)
FNDA:46,(anonymous_3)
FNDA:54,(anonymous_4)
FNDA:35,(anonymous_5)
DA:1,4
DA:2,4
DA:6,19
DA:10,11
DA:14,16
DA:18,46
DA:19,46
DA:26,46
DA:27,54
DA:28,31
DA:30,35
DA:38,4
LF:12
LH:12
BRDA:5,0,0,15
BRDA:17,1,0,23
BRDA:18,2,0,46
BRDA:18,2,1,0
BRDA:20,3,0,23
BRDA:20,3,1,23
BRDA:27,4,0,31
BRDA:27,4,1,23
BRF:8
BRH:7
end_of_record
TN:
SF:/project/src/Entreprise/Entreprise.js
FN:10,(anonymous_0)
FN:17,(anonymous_1)
FN:26,(anonymous_2)
FN:46,(anonymous_3)
FN:54,(anonymous_4)
FN:64,(anonymous_5)
FN:66,(anonymous_6)
FNF:7
FNH:7
FNDA:9,(anonymous_0)
FNDA:25,(anonymous_1)
FNDA:4,(anonymous_2)
FNDA:3,(anonymous_3)
FNDA:12,(anonymous_4)
FNDA:19,(anonymous_5)
FNDA:12,(anonymous_6)
DA:6,3
DA:7,3
DA:11,9
DA:12,9
DA:13,9
DA:14,9
DA:18,25
DA:19,25
DA:21,25
DA:22,2
DA:23,0
DA:26,2
DA:27,4
DA:28,4
DA:29,2
DA:36,2
DA:39,25
DA:47,3
DA:55,12
DA:65,19
DA:66,12
LF:21
LH:20
BRDA:10,0,0,6
BRDA:21,1,0,2
BRDA:21,1,1,23
BRDA:22,2,0,0
BRDA:22,2,1,2
BRDA:27,3,0,4
BRDA:27,3,1,0
BRDA:27,4,0,4
BRDA:27,4,1,4
BRDA:28,5,0,2
BRDA:28,5,1,2
BRDA:64,6,0,6
BRDA:66,7,0,19
BRDA:66,7,1,12
BRDA:66,7,2,3
BRDA:66,7,3,3
BRDA:66,7,4,9
BRF:17
BRH:15
end_of_record
TN:
SF:/project/src/Entreprise/Etablissement.js
FN:7,(anonymous_0)
FN:13,(anonymous_1)
FNF:2
FNH:2
FNDA:6,(anonymous_0)
FNDA:15,(anonymous_1)
DA:4,3
DA:8,6
DA:9,6
DA:10,6
DA:14,15
DA:15,9
DA:16,9
DA:17,3
DA:19,3
DA:25,3
DA:29,15
LF:11
LH:11
BRDA:14,0,0,9
BRDA:14,0,1,6
BRDA:15,1,0,9
BRDA:15,1,1,9
BRDA:16,2,0,3
BRDA:16,2,1,6
BRDA:16,3,0,9
BRDA:16,3,1,3
BRF:8
BRH:8
end_of_record
TN:
SF:/project/src/Entreprise/index.js
FNF:0
FNH:0
LF:0
LH:0
BRF:0
BRH:0
end_of_record
TN:
SF:/project/src/Errors/InvalidIdentifierError.js
FN:4,InvalidIdentifierError
FN:12,(anonymous_1)
FNF:2
FNH:0
FNDA:0,InvalidIdentifierError
FNDA:0,(anonymous_1)
DA:5,0
DA:8,1
DA:13,0
LF:3
LH:1
BRF:0
BRH:0
end_of_record
TN:
SF:/project/src/Errors/NotImplementedError.js
FN:5,NotImplementedError
FN:27,(anonymous_1)
FNF:2
FNH:0
FNDA:0,NotImplementedError
FNDA:0,(anonymous_1)
DA:7,0
DA:9,0
DA:12,0
DA:14,0
DA:16,0
DA:17,0
DA:20,0
DA:23,2
DA:28,0
LF:9
LH:1
BRDA:12,0,0,0
BRDA:12,0,1,0
BRF:2
BRH:0
end_of_record
TN:
SF:/project/src/Utils/Validator.js
FN:1,validateSIREN
FN:9,(anonymous_1)
FN:31,validateSIRET
FN:39,(anonymous_3)
FNF:4
FNH:1
FNDA:0,validateSIREN
FNDA:0,(anonymous_1)
FNDA:4,validateSIRET
FNDA:0,(anonymous_3)
DA:3,0
DA:5,0
DA:9,0
DA:10,0
DA:11,0
DA:14,0
DA:16,0
DA:20,0
DA:23,0
DA:28,0
DA:33,4
DA:35,2
DA:39,0
DA:40,0
DA:41,0
DA:44,0
DA:46,0
DA:50,0
DA:53,0
DA:58,0
LF:20
LH:2
BRDA:1,0,0,0
BRDA:3,1,0,0
BRDA:3,1,1,0
BRDA:5,2,0,0
BRDA:5,2,1,0
BRDA:14,3,0,0
BRDA:14,3,1,0
BRDA:23,4,0,0
BRDA:23,4,1,0
BRDA:31,5,0,4
BRDA:33,6,0,2
BRDA:33,6,1,2
BRDA:35,7,0,2
BRDA:35,7,1,0
BRDA:44,8,0,0
BRDA:44,8,1,0
BRDA:53,9,0,0
BRDA:53,9,1,0
BRF:18
BRH:4
end_of_record
TN:
SF:/project/src/Utils/index.js
FN:3,cleanObject
FN:6,(anonymous_1)
FNF:2
FNH:2
FNDA:6,cleanObject
FNDA:9,(anonymous_1)
DA:4,6
DA:6,6
DA:7,9
DA:8,7
DA:10,9
LF:5
LH:5
BRDA:7,0,0,7
BRDA:7,0,1,2
BRDA:7,1,0,9
BRDA:7,1,1,8
BRF:4
BRH:4
end_of_record
