TN:
SF:/project/src/index.js
FN:18,init
FN:39,(anonymous_1)
FN:52,run
FN:57,(anonymous_3)
FN:66,(anonymous_4)
FNF:5
FNH:4
FNDA:3,init
FNDA:14,(anonymous_1)
FNDA:3,run
FNDA:0,(anonymous_3)
FNDA:1,(anonymous_4)
DA:14,3
DA:15,3
DA:16,3
DA:19,3
DA:20,3
DA:22,3
DA:23,3
DA:24,3
DA:29,3
DA:30,3
DA:32,3
DA:39,3
DA:40,14
DA:41,14
DA:45,14
DA:48,3
DA:49,3
DA:53,3
DA:54,3
DA:55,3
DA:57,3
DA:58,0
DA:61,3
DA:67,1
DA:68,1
DA:72,3
DA:75,3
DA:76,3
LF:28
LH:27
BRDA:15,0,0,3
BRDA:15,0,1,0
BRDA:15,0,2,3
BRDA:16,1,0,3
BRDA:16,1,1,0
BRDA:16,1,2,3
BRDA:25,2,0,3
BRDA:25,2,1,3
BRDA:25,2,2,0
BRDA:29,3,0,3
BRDA:29,3,1,0
BRDA:68,4,0,1
BRDA:68,4,1,1
BRF:13
BRH:9
end_of_record
TN:
SF:/project/src/api/entities.js
FN:8,(anonymous_0)
FN:10,(anonymous_1)
FN:21,(anonymous_2)
FN:24,(anonymous_3)
FN:29,(anonymous_4)
FN:33,(anonymous_5)
FN:34,(anonymous_6)
FN:40,(anonymous_7)
FN:41,(anonymous_8)
FN:47,(anonymous_9)
FN:48,(anonymous_10)
FN:57,(anonymous_11)
FN:65,(anonymous_12)
FN:66,(anonymous_13)
FN:71,(anonymous_14)
FN:72,(anonymous_15)
FN:77,(anonymous_16)
FN:78,(anonymous_17)
FN:83,(anonymous_18)
FN:86,(anonymous_19)
FNF:20
FNH:19
FNDA:3,(anonymous_0)
FNDA:0,(anonymous_1)
FNDA:3,(anonymous_2)
FNDA:3,(anonymous_3)
FNDA:1,(anonymous_4)
FNDA:1,(anonymous_5)
FNDA:1,(anonymous_6)
FNDA:1,(anonymous_7)
FNDA:1,(anonymous_8)
FNDA:1,(anonymous_9)
FNDA:1,(anonymous_10)
FNDA:1,(anonymous_11)
FNDA:1,(anonymous_12)
FNDA:1,(anonymous_13)
FNDA:1,(anonymous_14)
FNDA:1,(anonymous_15)
FNDA:1,(anonymous_16)
FNDA:1,(anonymous_17)
FNDA:1,(anonymous_18)
FNDA:1,(anonymous_19)
DA:1,3
DA:2,3
DA:3,3
DA:4,3
DA:5,3
DA:6,3
DA:8,3
DA:9,3
DA:10,3
DA:11,0
DA:12,0
DA:13,0
DA:14,0
DA:15,0
DA:19,3
DA:22,3
DA:25,3
DA:29,3
DA:30,1
DA:32,1
DA:34,1
DA:35,1
DA:37,1
DA:38,1
DA:41,1
DA:42,1
DA:44,1
DA:45,1
DA:48,1
DA:49,1
DA:50,0
DA:52,1
DA:54,1
DA:55,1
DA:58,1
DA:59,1
DA:61,1
DA:65,3
DA:66,1
DA:67,1
DA:71,3
DA:72,1
DA:73,1
DA:77,3
DA:78,1
DA:79,1
DA:83,3
DA:84,1
DA:86,1
DA:87,1
DA:88,1
DA:89,1
DA:93,3
LF:53
LH:47
BRDA:49,0,0,0
BRDA:49,0,1,1
BRF:2
BRH:1
end_of_record
TN:
SF:/project/src/api/index.js
FNF:0
FNH:0
DA:1,3
DA:2,3
DA:3,3
DA:5,3
DA:6,3
DA:7,3
DA:8,3
DA:9,3
DA:11,3
DA:12,3
DA:13,3
DA:14,3
DA:15,3
DA:17,3
LF:14
LH:14
BRF:0
BRH:0
end_of_record
TN:
SF:/project/src/api/interactions.js
FN:5,(anonymous_0)
FN:8,(anonymous_1)
FN:25,(anonymous_2)
FN:29,(anonymous_3)
FNF:4
FNH:0
FNDA:0,(anonymous_0)
FNDA:0,(anonymous_1)
FNDA:0,(anonymous_2)
FNDA:0,(anonymous_3)
DA:1,3
DA:2,3
DA:3,3
DA:5,3
DA:6,0
DA:8,0
DA:9,0
DA:10,0
DA:11,0
DA:12,0
DA:13,0
DA:17,0
DA:18,0
DA:19,0
DA:20,0
DA:21,0
DA:24,0
DA:26,0
DA:27,0
DA:30,0
DA:34,3
LF:21
LH:5
BRDA:18,0,0,0
BRDA:18,0,1,0
BRDA:18,1,0,0
BRDA:18,1,1,0
BRF:4
BRH:0
end_of_record
TN:
SF:/project/src/api/login.js
FN:4,(anonymous_0)
FNF:1
FNH:1
FNDA:3,(anonymous_0)
DA:1,3
DA:2,3
DA:4,3
DA:5,3
DA:7,3
DA:8,3
DA:10,1
DA:14,1
DA:17,1
DA:21,1
DA:24,3
DA:29,3
LF:12
LH:12
BRDA:7,0,0,3
BRDA:7,0,1,0
BRDA:7,1,0,3
BRDA:7,1,1,3
BRDA:8,2,0,1
BRDA:8,2,1,1
BRF:6
BRH:5
end_of_record
TN:
SF:/project/src/api/search.js
FN:11,(anonymous_0)
FN:19,(anonymous_1)
FN:34,(anonymous_2)
FN:38,(anonymous_3)
FN:39,(anonymous_4)
FN:43,(anonymous_5)
FN:49,(anonymous_6)
FN:57,(anonymous_7)
FN:82,(anonymous_8)
FN:84,(anonymous_9)
FN:94,(anonymous_10)
FN:102,(anonymous_11)
FN:105,(anonymous_12)
FN:107,(anonymous_13)
FN:131,(anonymous_14)
FNF:15
FNH:12
FNDA:0,(anonymous_0)
FNDA:3,(anonymous_1)
FNDA:0,(anonymous_2)
FNDA:3,(anonymous_3)
FNDA:2,(anonymous_4)
FNDA:3,(anonymous_5)
FNDA:3,(anonymous_6)
FNDA:0,(anonymous_7)
FNDA:3,(anonymous_8)
FNDA:2,(anonymous_9)
FNDA:6,(anonymous_10)
FNDA:2,(anonymous_11)
FNDA:2,(anonymous_12)
FNDA:2,(anonymous_13)
FNDA:2,(anonymous_14)
DA:1,3
DA:2,3
DA:3,3
DA:5,3
DA:6,3
DA:9,3
DA:11,3
DA:12,0
DA:13,0
DA:14,0
DA:15,0
DA:19,3
DA:20,3
DA:21,3
DA:33,3
DA:34,0
DA:35,0
DA:38,3
DA:39,3
DA:43,3
DA:44,3
DA:45,3
DA:49,3
DA:50,3
DA:51,3
DA:52,3
DA:53,3
DA:54,3
DA:55,3
DA:56,3
DA:57,3
DA:58,0
DA:59,0
DA:61,0
DA:65,3
DA:82,3
DA:83,3
DA:84,3
DA:86,0
DA:88,3
DA:89,3
DA:90,3
DA:94,3
DA:95,6
DA:96,2
DA:98,4
DA:102,3
DA:103,2
DA:105,2
DA:106,2
DA:107,2
DA:108,2
DA:113,2
DA:114,2
DA:116,2
DA:119,0
DA:121,0
DA:126,2
DA:127,2
DA:128,1
DA:131,2
DA:132,2
DA:134,2
DA:159,2
DA:160,2
DA:165,2
DA:166,2
DA:167,2
DA:169,2
DA:173,2
DA:179,2
DA:183,2
DA:184,2
DA:187,3
LF:74
LH:62
BRDA:20,0,0,3
BRDA:20,0,1,0
BRDA:24,1,0,3
BRDA:24,1,1,2
BRDA:33,2,0,0
BRDA:33,2,1,3
BRDA:33,3,0,3
BRDA:33,3,1,3
BRDA:44,4,0,3
BRDA:44,4,1,3
BRDA:44,4,2,1
BRDA:50,5,0,3
BRDA:50,5,1,3
BRDA:51,6,0,3
BRDA:51,6,1,3
BRDA:52,7,0,3
BRDA:52,7,1,3
BRDA:53,8,0,3
BRDA:53,8,1,3
BRDA:54,9,0,3
BRDA:54,9,1,0
BRDA:55,10,0,3
BRDA:55,10,1,3
BRDA:56,11,0,3
BRDA:56,11,1,3
BRDA:57,12,0,3
BRDA:57,12,1,3
BRDA:68,13,0,3
BRDA:68,13,1,2
BRDA:89,14,0,3
BRDA:89,14,1,3
BRDA:95,15,0,2
BRDA:95,15,1,4
BRDA:106,16,0,2
BRDA:106,16,1,0
BRDA:116,17,0,0
BRDA:116,17,1,2
BRDA:116,18,0,2
BRDA:116,18,1,2
BRDA:119,19,0,0
BRDA:119,19,1,0
BRDA:121,20,0,0
BRDA:121,20,1,0
BRDA:127,21,0,1
BRDA:127,21,1,1
BRDA:139,22,0,2
BRDA:139,22,1,2
BRDA:142,23,0,2
BRDA:142,23,1,2
BRDA:145,24,0,2
BRDA:145,24,1,2
BRDA:148,25,0,2
BRDA:148,25,1,2
BRDA:148,25,2,0
BRDA:153,26,0,2
BRDA:153,26,1,0
BRF:56
BRH:45
end_of_record
TN:
SF:/project/src/api/upload.js
FN:26,(anonymous_0)
FN:29,(anonymous_1)
FN:38,(anonymous_2)
FN:39,(anonymous_3)
FN:82,(anonymous_4)
FN:88,(anonymous_5)
FN:106,(anonymous_6)
FN:109,(anonymous_7)
FN:114,(anonymous_8)
FN:133,(anonymous_9)
FNF:10
FNH:0
FNDA:0,(anonymous_0)
FNDA:0,(anonymous_1)
FNDA:0,(anonymous_2)
FNDA:0,(anonymous_3)
FNDA:0,(anonymous_4)
FNDA:0,(anonymous_5)
FNDA:0,(anonymous_6)
FNDA:0,(anonymous_7)
FNDA:0,(anonymous_8)
FNDA:0,(anonymous_9)
DA:1,3
DA:2,3
DA:3,3
DA:4,3
DA:5,3
DA:6,3
DA:7,3
DA:8,3
DA:9,3
DA:10,3
DA:11,3
DA:18,3
DA:23,3
DA:25,3
DA:27,0
DA:30,0
DA:31,0
DA:32,0
DA:33,0
DA:34,0
DA:38,3
DA:39,0
DA:40,0
DA:41,0
DA:43,0
DA:44,0
DA:47,0
DA:50,3
DA:52,3
DA:82,3
DA:83,0
DA:87,0
DA:89,0
DA:90,0
DA:92,0
DA:93,0
DA:94,0
DA:95,0
DA:96,0
DA:97,0
DA:99,0
DA:103,0
DA:104,0
DA:107,0
DA:110,0
DA:111,0
DA:112,0
DA:115,0
DA:116,0
DA:117,0
DA:118,0
DA:121,0
DA:122,0
DA:123,0
DA:124,0
DA:127,0
DA:129,0
DA:130,0
DA:131,0
DA:134,0
DA:138,3
LF:61
LH:19
BRDA:20,0,0,0
BRDA:20,0,1,3
BRDA:20,1,0,3
BRDA:20,1,1,0
BRDA:23,2,0,3
BRDA:23,2,1,0
BRDA:43,3,0,0
BRDA:43,3,1,0
BRDA:43,4,0,0
BRDA:43,4,1,0
BRDA:94,5,0,0
BRDA:94,5,1,0
BRDA:121,6,0,0
BRDA:121,6,1,0
BRF:14
BRH:3
end_of_record
TN:
SF:/project/src/dataIngestors/CodesPostauxIngestor.js
FN:7,(anonymous_0)
FN:12,(anonymous_1)
FN:20,(anonymous_2)
FN:23,(anonymous_3)
FN:35,(anonymous_4)
FN:37,(anonymous_5)
FN:38,(anonymous_6)
FNF:7
FNH:7
FNDA:7,(anonymous_0)
FNDA:4,(anonymous_1)
FNDA:5,(anonymous_2)
FNDA:45,(anonymous_3)
FNDA:2,(anonymous_4)
FNDA:2,(anonymous_5)
FNDA:634,(anonymous_6)
DA:1,11
DA:2,11
DA:3,11
DA:4,11
DA:8,7
DA:9,7
DA:13,4
DA:14,3
DA:15,1
DA:16,1
DA:21,5
DA:22,5
DA:23,5
DA:24,45
DA:27,45
DA:28,30
DA:29,30
DA:32,5
DA:36,2
DA:37,2
DA:38,2
DA:39,634
DA:42,634
DA:44,2
DA:49,11
LF:25
LH:25
BRDA:13,0,0,3
BRDA:13,0,1,1
BRDA:13,1,0,4
BRDA:13,1,1,4
BRDA:15,2,0,1
BRDA:15,2,1,0
BRDA:15,3,0,1
BRDA:15,3,1,1
BRDA:27,4,0,30
BRDA:27,4,1,15
BRF:10
BRH:9
end_of_record
TN:
SF:/project/src/dataIngestors/CommunesIngestor.js
FN:7,(anonymous_0)
FN:12,(anonymous_1)
FN:20,(anonymous_2)
FN:23,(anonymous_3)
FN:36,(anonymous_4)
FN:38,(anonymous_5)
FN:39,(anonymous_6)
FNF:7
FNH:7
FNDA:7,(anonymous_0)
FNDA:4,(anonymous_1)
FNDA:5,(anonymous_2)
FNDA:45,(anonymous_3)
FNDA:2,(anonymous_4)
FNDA:2,(anonymous_5)
FNDA:1588,(anonymous_6)
DA:1,10
DA:2,10
DA:3,10
DA:4,10
DA:8,7
DA:9,7
DA:13,4
DA:14,3
DA:15,1
DA:16,1
DA:21,5
DA:22,5
DA:23,5
DA:24,45
DA:28,45
DA:29,15
DA:30,15
DA:33,5
DA:37,2
DA:38,2
DA:39,2
DA:40,1588
DA:43,1588
DA:45,2
DA:50,10
LF:25
LH:25
BRDA:13,0,0,3
BRDA:13,0,1,1
BRDA:13,1,0,4
BRDA:13,1,1,4
BRDA:15,2,0,1
BRDA:15,2,1,0
BRDA:15,3,0,1
BRDA:15,3,1,1
BRDA:28,4,0,15
BRDA:28,4,1,30
BRF:10
BRH:9
end_of_record
TN:
SF:/project/src/dataIngestors/DepartementsIngestor.js
FN:7,(anonymous_0)
FN:12,(anonymous_1)
FN:20,(anonymous_2)
FN:23,(anonymous_3)
FN:35,(anonymous_4)
FN:37,(anonymous_5)
FN:38,(anonymous_6)
FNF:7
FNH:7
FNDA:7,(anonymous_0)
FNDA:4,(anonymous_1)
FNDA:5,(anonymous_2)
FNDA:45,(anonymous_3)
FNDA:2,(anonymous_4)
FNDA:2,(anonymous_5)
FNDA:19,(anonymous_6)
DA:1,10
DA:2,10
DA:3,10
DA:4,10
DA:8,7
DA:9,7
DA:13,4
DA:14,3
DA:15,1
DA:16,1
DA:21,5
DA:22,5
DA:23,5
DA:24,45
DA:27,45
DA:28,10
DA:29,10
DA:32,5
DA:36,2
DA:37,2
DA:38,2
DA:39,19
DA:42,19
DA:44,2
DA:49,10
LF:25
LH:25
BRDA:13,0,0,3
BRDA:13,0,1,1
BRDA:13,1,0,4
BRDA:13,1,1,4
BRDA:15,2,0,1
BRDA:15,2,1,0
BRDA:15,3,0,1
BRDA:15,3,1,1
BRDA:27,4,0,10
BRDA:27,4,1,35
BRF:10
BRH:9
end_of_record
TN:
SF:/project/src/dataIngestors/EtablissementsIngestor.js
FN:9,(anonymous_0)
FN:15,(anonymous_1)
FN:24,(anonymous_2)
FN:28,(anonymous_3)
FN:39,(anonymous_4)
FN:43,(anonymous_5)
FN:47,(anonymous_6)
FN:53,(anonymous_7)
FN:58,(anonymous_8)
FN:62,(anonymous_9)
FN:71,(anonymous_10)
FN:80,(anonymous_11)
FN:84,(anonymous_12)
FN:88,(anonymous_13)
FN:95,(anonymous_14)
FN:100,(anonymous_15)
FN:104,(anonymous_16)
FNF:17
FNH:17
FNDA:19,(anonymous_0)
FNDA:22,(anonymous_1)
FNDA:11,(anonymous_2)
FNDA:2,(anonymous_3)
FNDA:2,(anonymous_4)
FNDA:2,(anonymous_5)
FNDA:2,(anonymous_6)
FNDA:11,(anonymous_7)
FNDA:2,(anonymous_8)
FNDA:2,(anonymous_9)
FNDA:1,(anonymous_10)
FNDA:1,(anonymous_11)
FNDA:1,(anonymous_12)
FNDA:1,(anonymous_13)
FNDA:1,(anonymous_14)
FNDA:1,(anonymous_15)
FNDA:1,(anonymous_16)
DA:1,6
DA:2,6
DA:3,6
DA:4,6
DA:5,6
DA:6,6
DA:10,19
DA:11,19
DA:12,19
DA:16,22
DA:20,22
DA:21,22
DA:25,11
DA:29,2
DA:30,2
DA:31,2
DA:32,2
DA:33,2
DA:34,2
DA:37,2
DA:40,2
DA:41,2
DA:44,2
DA:45,2
DA:48,2
DA:49,2
DA:54,11
DA:55,2
DA:56,2
DA:59,2
DA:60,2
DA:63,2
DA:64,2
DA:67,9
DA:72,1
DA:73,1
DA:74,1
DA:75,1
DA:76,1
DA:78,1
DA:81,1
DA:82,1
DA:85,1
DA:86,1
DA:89,1
DA:91,1
DA:96,1
DA:97,1
DA:98,1
DA:101,1
DA:102,1
DA:105,1
DA:106,1
DA:109,0
DA:114,6
LF:55
LH:54
BRDA:54,0,0,2
BRDA:54,0,1,9
BRDA:54,1,0,11
BRDA:54,1,1,2
BRDA:96,2,0,1
BRDA:96,2,1,0
BRDA:96,3,0,1
BRDA:96,3,1,1
BRF:8
BRH:7
end_of_record
TN:
SF:/project/src/dataIngestors/EtablissementsStreamIngestor.js
FN:13,(anonymous_0)
FN:28,(anonymous_1)
FN:40,(anonymous_2)
FN:46,(anonymous_3)
FN:51,(anonymous_4)
FN:57,(anonymous_5)
FN:62,(anonymous_6)
FN:63,(anonymous_7)
FN:72,(anonymous_8)
FN:74,(anonymous_9)
FN:82,(anonymous_10)
FN:85,(anonymous_11)
FN:96,(anonymous_12)
FN:100,(anonymous_13)
FN:125,(anonymous_14)
FN:130,(anonymous_15)
FN:146,(anonymous_16)
FN:154,(anonymous_17)
FN:158,(anonymous_18)
FN:162,(anonymous_19)
FN:169,(anonymous_20)
FN:174,(anonymous_21)
FN:178,(anonymous_22)
FNF:23
FNH:15
FNDA:2,(anonymous_0)
FNDA:1,(anonymous_1)
FNDA:1,(anonymous_2)
FNDA:1,(anonymous_3)
FNDA:1,(anonymous_4)
FNDA:20016,(anonymous_5)
FNDA:4,(anonymous_6)
FNDA:4,(anonymous_7)
FNDA:2,(anonymous_8)
FNDA:2,(anonymous_9)
FNDA:20014,(anonymous_10)
FNDA:1160812,(anonymous_11)
FNDA:2,(anonymous_12)
FNDA:4,(anonymous_13)
FNDA:1,(anonymous_14)
FNDA:0,(anonymous_15)
FNDA:0,(anonymous_16)
FNDA:0,(anonymous_17)
FNDA:0,(anonymous_18)
FNDA:0,(anonymous_19)
FNDA:0,(anonymous_20)
FNDA:0,(anonymous_21)
FNDA:0,(anonymous_22)
DA:1,4
DA:2,4
DA:4,4
DA:5,4
DA:7,4
DA:8,4
DA:9,4
DA:10,4
DA:14,2
DA:15,2
DA:19,2
DA:20,2
DA:21,2
DA:22,2
DA:23,2
DA:24,2
DA:25,2
DA:29,1
DA:30,1
DA:31,1
DA:32,1
DA:34,1
DA:37,1
DA:38,1
DA:41,1
DA:42,1
DA:44,1
DA:47,1
DA:48,1
DA:49,1
DA:52,1
DA:53,1
DA:58,20016
DA:59,20016
DA:60,4
DA:61,4
DA:62,4
DA:63,4
DA:64,4
DA:68,4
DA:73,2
DA:74,2
DA:75,2
DA:76,2
DA:79,2
DA:80,2
DA:83,20014
DA:84,20014
DA:85,20014
DA:86,1160812
DA:87,1160812
DA:89,20014
DA:91,20014
DA:92,20014
DA:93,20014
DA:94,20014
DA:97,2
DA:98,2
DA:100,2
DA:101,4
DA:104,4
DA:105,4
DA:106,4
DA:107,4
DA:114,4
DA:117,4
DA:118,2
DA:122,2
DA:123,1
DA:124,1
DA:126,1
DA:127,1
DA:128,1
DA:131,0
DA:134,1
DA:136,1
DA:138,2
DA:143,2
DA:147,0
DA:148,0
DA:149,0
DA:150,0
DA:152,0
DA:155,0
DA:156,0
DA:159,0
DA:160,0
DA:163,0
DA:165,0
DA:170,0
DA:171,0
DA:172,0
DA:175,0
DA:176,0
DA:179,0
DA:180,0
DA:183,0
DA:188,4
LF:98
LH:78
BRDA:59,0,0,4
BRDA:59,0,1,20012
BRDA:59,1,0,20016
BRDA:59,1,1,20014
BRDA:94,2,0,2
BRDA:94,2,1,20012
BRDA:117,3,0,2
BRDA:117,3,1,2
BRDA:122,4,0,1
BRDA:122,4,1,1
BRDA:122,5,0,2
BRDA:122,5,1,1
BRDA:170,6,0,0
BRDA:170,6,1,0
BRDA:170,7,0,0
BRDA:170,7,1,0
BRF:16
BRH:12
end_of_record
TN:
SF:/project/src/dataIngestors/Ingestor.js
FN:5,(anonymous_0)
FN:15,(anonymous_1)
FN:21,(anonymous_2)
FN:24,(anonymous_3)
FN:30,(anonymous_4)
FN:38,(anonymous_5)
FNF:6
FNH:5
FNDA:55,(anonymous_0)
FNDA:0,(anonymous_1)
FNDA:31,(anonymous_2)
FNDA:3,(anonymous_3)
FNDA:431,(anonymous_4)
FNDA:9,(anonymous_5)
DA:1,15
DA:2,15
DA:6,55
DA:7,32
DA:8,31
DA:9,31
DA:10,23
DA:16,0
DA:22,31
DA:23,31
DA:24,3
DA:25,3
DA:27,3
DA:29,28
DA:30,28
DA:31,431
DA:32,431
DA:35,31
DA:39,9
DA:40,9
DA:41,9
DA:43,0
DA:50,15
LF:23
LH:21
BRDA:6,0,0,32
BRDA:6,0,1,23
BRDA:9,1,0,23
BRDA:9,1,1,8
BRDA:23,2,0,3
BRDA:23,2,1,28
BRDA:23,3,0,31
BRDA:23,3,1,15
BRDA:39,4,0,9
BRDA:39,4,1,0
BRDA:40,5,0,9
BRDA:40,5,1,4
BRDA:40,5,2,7
BRF:13
BRH:12
end_of_record
TN:
SF:/project/src/dataIngestors/NomenclaturesIngestor.js
FN:6,(anonymous_0)
FN:11,(anonymous_1)
FN:16,(anonymous_2)
FN:22,(anonymous_3)
FN:57,(anonymous_4)
FNF:5
FNH:5
FNDA:8,(anonymous_0)
FNDA:8,(anonymous_1)
FNDA:32,(anonymous_2)
FNDA:9,(anonymous_3)
FNDA:397,(anonymous_4)
DA:1,4
DA:2,4
DA:3,4
DA:7,8
DA:8,8
DA:12,8
DA:13,8
DA:14,8
DA:16,8
DA:17,32
DA:19,8
DA:23,9
DA:24,9
DA:30,9
DA:55,9
DA:56,9
DA:57,41
DA:58,397
DA:59,397
DA:62,9
DA:66,4
LF:21
LH:21
BRF:0
BRH:0
end_of_record
TN:
SF:/project/src/dataIngestors/SESEParamsIngestor.js
FN:6,(anonymous_0)
FN:12,(anonymous_1)
FN:22,(anonymous_2)
FN:26,(anonymous_3)
FN:31,(anonymous_4)
FN:38,(anonymous_5)
FN:43,(anonymous_6)
FN:45,(anonymous_7)
FN:55,(anonymous_8)
FN:57,(anonymous_9)
FN:63,(anonymous_10)
FNF:11
FNH:1
FNDA:1,(anonymous_0)
FNDA:0,(anonymous_1)
FNDA:0,(anonymous_2)
FNDA:0,(anonymous_3)
FNDA:0,(anonymous_4)
FNDA:0,(anonymous_5)
FNDA:0,(anonymous_6)
FNDA:0,(anonymous_7)
FNDA:0,(anonymous_8)
FNDA:0,(anonymous_9)
FNDA:0,(anonymous_10)
DA:1,4
DA:2,4
DA:3,4
DA:7,1
DA:8,0
DA:9,0
DA:13,0
DA:14,0
DA:18,0
DA:19,0
DA:23,0
DA:27,0
DA:28,0
DA:29,0
DA:30,0
DA:31,0
DA:32,0
DA:34,0
DA:36,0
DA:39,0
DA:43,0
DA:46,0
DA:47,0
DA:55,0
DA:56,0
DA:57,0
DA:58,0
DA:59,0
DA:64,0
DA:65,0
DA:69,4
LF:31
LH:5
BRF:0
BRH:0
end_of_record
TN:
SF:/project/src/dataIngestors/interactions/InteractionsIngestor.js
FN:6,(anonymous_0)
FN:12,(anonymous_1)
FN:16,(anonymous_2)
FN:23,(anonymous_3)
FN:27,(anonymous_4)
FNF:5
FNH:5
FNDA:4,(anonymous_0)
FNDA:3,(anonymous_1)
FNDA:26,(anonymous_2)
FNDA:2,(anonymous_3)
FNDA:2,(anonymous_4)
DA:1,6
DA:2,6
DA:3,6
DA:7,4
DA:8,4
DA:9,4
DA:13,3
DA:15,3
DA:16,3
DA:17,26
DA:18,26
DA:20,3
DA:24,2
DA:28,2
DA:33,2
DA:37,6
LF:16
LH:16
BRF:0
BRH:0
end_of_record
TN:
SF:/project/src/dataIngestors/interactions/Pole3EIngestor.js
FN:4,(anonymous_0)
FNF:1
FNH:1
FNDA:1,(anonymous_0)
DA:1,4
DA:5,1
DA:6,1
DA:7,1
DA:13,1
DA:17,4
LF:6
LH:6
BRF:0
BRH:0
end_of_record
TN:
SF:/project/src/dataIngestors/interactions/PoleCIngestor.js
FN:4,(anonymous_0)
FNF:1
FNH:1
FNDA:1,(anonymous_0)
DA:1,4
DA:5,1
DA:6,1
DA:7,1
DA:12,1
DA:16,4
LF:6
LH:6
BRF:0
BRH:0
end_of_record
TN:
SF:/project/src/dataIngestors/interactions/PoleTIngestor.js
FN:4,(anonymous_0)
FNF:1
FNH:1
FNDA:2,(anonymous_0)
DA:1,4
DA:5,2
DA:6,2
DA:7,2
DA:14,2
DA:18,4
LF:6
LH:6
BRF:0
BRH:0
end_of_record
TN:
SF:/project/src/errors/NotImplementedError.js
FN:5,NotImplementedError
FN:27,(anonymous_1)
FNF:2
FNH:1
FNDA:1,NotImplementedError
FNDA:0,(anonymous_1)
DA:7,1
DA:9,1
DA:12,1
DA:14,1
DA:16,1
DA:17,3
DA:20,1
DA:23,16
DA:28,0
DA:33,16
LF:10
LH:9
BRDA:12,0,0,1
BRDA:12,0,1,0
BRF:2
BRH:1
end_of_record
TN:
SF:/project/src/frentreprise/datasources/Mongo.js
FN:17,(anonymous_0)
FN:22,(anonymous_1)
FN:41,(anonymous_2)
FN:50,(anonymous_3)
FN:59,(anonymous_4)
FN:68,(anonymous_5)
FN:85,(anonymous_6)
FN:89,(anonymous_7)
FN:99,(anonymous_8)
FN:132,(anonymous_9)
FN:134,(anonymous_10)
FN:154,(anonymous_11)
FN:168,(anonymous_12)
FN:176,(anonymous_13)
FN:188,(anonymous_14)
FN:191,(anonymous_15)
FN:237,(anonymous_16)
FN:247,(anonymous_17)
FN:257,(anonymous_18)
FN:269,(anonymous_19)
FN:271,(anonymous_20)
FN:285,(anonymous_21)
FN:314,(anonymous_22)
FN:330,(anonymous_23)
FN:348,(anonymous_24)
FN:352,(anonymous_25)
FN:356,(anonymous_26)
FN:363,(anonymous_27)
FN:374,(anonymous_28)
FN:375,(anonymous_29)
FN:379,(anonymous_30)
FN:402,(anonymous_31)
FN:406,(anonymous_32)
FN:422,(anonymous_33)
FNF:34
FNH:30
FNDA:24,(anonymous_0)
FNDA:0,(anonymous_1)
FNDA:4,(anonymous_2)
FNDA:4,(anonymous_3)
FNDA:4,(anonymous_4)
FNDA:4,(anonymous_5)
FNDA:4,(anonymous_6)
FNDA:4,(anonymous_7)
FNDA:4,(anonymous_8)
FNDA:4,(anonymous_9)
FNDA:40,(anonymous_10)
FNDA:4,(anonymous_11)
FNDA:4,(anonymous_12)
FNDA:4,(anonymous_13)
FNDA:4,(anonymous_14)
FNDA:4,(anonymous_15)
FNDA:4,(anonymous_16)
FNDA:4,(anonymous_17)
FNDA:4,(anonymous_18)
FNDA:0,(anonymous_19)
FNDA:0,(anonymous_20)
FNDA:4,(anonymous_21)
FNDA:4,(anonymous_22)
FNDA:140,(anonymous_23)
FNDA:8,(anonymous_24)
FNDA:20,(anonymous_25)
FNDA:12,(anonymous_26)
FNDA:4,(anonymous_27)
FNDA:4,(anonymous_28)
FNDA:4,(anonymous_29)
FNDA:40,(anonymous_30)
FNDA:40,(anonymous_31)
FNDA:0,(anonymous_32)
FNDA:6,(anonymous_33)
DA:7,3
DA:8,3
DA:18,24
DA:23,0
DA:24,0
DA:26,0
DA:27,0
DA:29,0
DA:32,0
DA:33,0
DA:35,0
DA:38,0
DA:42,4
DA:44,4
DA:46,4
DA:49,4
DA:51,4
DA:60,4
DA:69,4
DA:86,4
DA:90,4
DA:100,4
DA:101,0
DA:103,4
DA:133,4
DA:134,40
DA:135,4
DA:155,4
DA:156,4
DA:157,0
DA:158,0
DA:159,0
DA:160,0
DA:161,0
DA:164,0
DA:166,4
DA:169,4
DA:170,4
DA:177,4
DA:179,4
DA:180,0
DA:186,4
DA:189,4
DA:192,4
DA:193,4
DA:195,4
DA:196,0
DA:197,4
DA:198,0
DA:199,4
DA:200,0
DA:201,4
DA:202,0
DA:204,4
DA:238,4
DA:248,4
DA:258,4
DA:259,0
DA:261,0
DA:262,0
DA:263,0
DA:264,0
DA:268,0
DA:269,0
DA:271,0
DA:272,0
DA:283,4
DA:286,4
DA:288,4
DA:289,0
DA:290,0
DA:291,0
DA:292,0
DA:300,4
DA:304,4
DA:307,4
DA:308,0
DA:311,4
DA:315,4
DA:316,4
DA:317,156
DA:318,156
DA:320,156
DA:321,32
DA:324,156
DA:325,124
DA:331,140
DA:333,140
DA:335,140
DA:336,140
DA:337,140
DA:338,28
DA:340,112
DA:341,112
DA:345,140
DA:349,8
DA:353,20
DA:357,12
DA:364,4
DA:374,4
DA:375,4
DA:380,40
DA:382,40
DA:383,40
DA:384,40
DA:385,0
DA:386,0
DA:387,0
DA:391,40
DA:392,4
DA:393,4
DA:396,40
DA:397,4
DA:398,4
DA:401,40
DA:402,40
DA:407,0
DA:409,0
DA:411,0
DA:412,0
DA:413,0
DA:416,0
DA:423,6
DA:425,6
DA:426,6
DA:430,0
DA:431,0
DA:434,6
DA:436,6
DA:437,6
DA:438,4
DA:439,4
DA:444,4
DA:449,6
DA:453,3
LF:135
LH:89
BRDA:44,0,0,4
BRDA:44,0,1,0
BRDA:44,1,0,4
BRDA:44,1,1,4
BRDA:46,2,0,4
BRDA:46,2,1,4
BRDA:86,3,0,4
BRDA:86,3,1,4
BRDA:100,4,0,0
BRDA:100,4,1,4
BRDA:133,5,0,0
BRDA:133,5,1,4
BRDA:134,6,0,40
BRDA:134,6,1,40
BRDA:155,7,0,0
BRDA:155,7,1,4
BRDA:156,8,0,0
BRDA:156,8,1,4
BRDA:160,9,0,0
BRDA:160,9,1,0
BRDA:160,10,0,0
BRDA:160,10,1,0
BRDA:169,11,0,4
BRDA:169,11,1,4
BRDA:170,12,0,0
BRDA:170,12,1,4
BRDA:177,13,0,0
BRDA:177,13,1,4
BRDA:179,14,0,0
BRDA:179,14,1,4
BRDA:181,15,0,0
BRDA:181,15,1,0
BRDA:182,16,0,0
BRDA:182,16,1,0
BRDA:189,17,0,4
BRDA:189,17,1,4
BRDA:195,18,0,0
BRDA:195,18,1,4
BRDA:197,19,0,0
BRDA:197,19,1,4
BRDA:199,20,0,0
BRDA:199,20,1,4
BRDA:201,21,0,0
BRDA:201,21,1,4
BRDA:239,22,0,4
BRDA:239,22,1,0
BRDA:240,23,0,0
BRDA:240,23,1,0
BRDA:248,24,0,0
BRDA:248,24,1,4
BRDA:258,25,0,0
BRDA:258,25,1,4
BRDA:263,26,0,0
BRDA:263,26,1,0
BRDA:268,27,0,0
BRDA:268,27,1,0
BRDA:275,28,0,0
BRDA:275,28,1,0
BRDA:277,29,0,0
BRDA:277,29,1,0
BRDA:288,30,0,0
BRDA:288,30,1,4
BRDA:291,31,0,0
BRDA:291,31,1,0
BRDA:300,32,0,0
BRDA:300,32,1,4
BRDA:307,33,0,0
BRDA:307,33,1,4
BRDA:307,34,0,4
BRDA:307,34,1,0
BRDA:320,35,0,32
BRDA:320,35,1,124
BRDA:324,36,0,124
BRDA:324,36,1,32
BRDA:337,37,0,28
BRDA:337,37,1,112
BRDA:337,38,0,140
BRDA:337,38,1,140
BRDA:358,39,0,12
BRDA:358,39,1,12
BRDA:365,40,0,4
BRDA:365,40,1,4
BRDA:365,41,0,4
BRDA:365,41,1,4
BRDA:366,42,0,4
BRDA:366,42,1,4
BRDA:366,42,2,4
BRDA:367,43,0,4
BRDA:367,43,1,4
BRDA:368,44,0,0
BRDA:368,44,1,4
BRDA:369,45,0,4
BRDA:369,45,1,4
BRDA:370,46,0,4
BRDA:370,46,1,4
BRDA:370,46,2,4
BRDA:384,47,0,0
BRDA:384,47,1,40
BRDA:386,48,0,0
BRDA:386,48,1,0
BRDA:391,49,0,4
BRDA:391,49,1,36
BRDA:393,50,0,0
BRDA:393,50,1,4
BRDA:393,51,0,4
BRDA:393,51,1,0
BRDA:396,52,0,4
BRDA:396,52,1,36
BRDA:398,53,0,0
BRDA:398,53,1,4
BRDA:398,54,0,4
BRDA:398,54,1,0
BRDA:402,55,0,40
BRDA:402,55,1,1
BRDA:402,55,2,39
BRDA:407,56,0,0
BRDA:407,56,1,0
BRDA:426,57,0,3
BRDA:426,57,1,3
BRDA:436,58,0,6
BRDA:436,58,1,0
BRDA:436,59,0,6
BRDA:436,59,1,6
BRDA:439,60,0,4
BRDA:439,60,1,0
BRDA:440,61,0,4
BRDA:440,61,1,4
BRDA:440,61,2,4
BRF:128
BRH:77
end_of_record
TN:
SF:/project/src/frentreprise/models/Entreprise.js
FN:7,(anonymous_0)
FN:11,(anonymous_1)
FN:39,(anonymous_2)
FNF:3
FNH:3
FNDA:4,(anonymous_0)
FNDA:4,(anonymous_1)
FNDA:4,(anonymous_2)
DA:4,3
DA:8,4
DA:12,4
DA:39,4
DA:40,4
DA:43,4
DA:47,3
LF:7
LH:7
BRDA:7,0,0,0
BRF:1
BRH:0
end_of_record
TN:
SF:/project/src/frentreprise/models/Etablissement.js
FN:5,(anonymous_0)
FNF:1
FNH:1
FNDA:4,(anonymous_0)
DA:2,3
DA:6,4
DA:61,3
LF:3
LH:3
BRF:0
BRH:0
end_of_record
TN:
SF:/project/src/helpers/WorkbookHelper.js
FN:4,(anonymous_0)
FN:8,(anonymous_1)
FN:10,(anonymous_2)
FNF:3
FNH:3
FNDA:10,(anonymous_0)
FNDA:12,(anonymous_1)
FNDA:68,(anonymous_2)
DA:1,5
DA:5,10
DA:9,12
DA:10,12
DA:11,68
DA:12,68
DA:14,68
DA:15,68
DA:16,40
DA:19,68
DA:21,12
DA:25,5
LF:12
LH:12
BRDA:15,0,0,40
BRDA:15,0,1,28
BRDA:15,1,0,68
BRDA:15,1,1,59
BRF:4
BRH:4
end_of_record
TN:
SF:/project/src/helpers/WorksheetHelper.js
FN:2,(anonymous_0)
FN:7,(anonymous_1)
FN:36,(anonymous_2)
FN:52,(anonymous_3)
FN:64,(anonymous_4)
FN:83,(anonymous_5)
FN:108,(anonymous_6)
FNF:7
FNH:7
FNDA:106,(anonymous_0)
FNDA:2755,(anonymous_1)
FNDA:1772,(anonymous_2)
FNDA:1772,(anonymous_3)
FNDA:885,(anonymous_4)
FNDA:882,(anonymous_5)
FNDA:96,(anonymous_6)
DA:3,106
DA:4,106
DA:8,2755
DA:10,2755
DA:11,2755
DA:12,2755
DA:14,2755
DA:15,2755
DA:17,2755
DA:18,2755
DA:20,2755
DA:21,2755
DA:23,2755
DA:33,2755
DA:37,1772
DA:38,1772
DA:39,1772
DA:40,1772
DA:41,177200
DA:42,177200
DA:43,131128
DA:44,131128
DA:45,131128
DA:47,177200
DA:49,1772
DA:53,1772
DA:54,1772
DA:56,1772
DA:57,1772
DA:59,1772
DA:61,1772
DA:65,885
DA:66,885
DA:67,885
DA:69,885
DA:71,885
DA:72,13799
DA:73,13799
DA:74,13799
DA:75,13799
DA:76,11486
DA:78,13799
DA:80,885
DA:84,882
DA:85,882
DA:86,882
DA:88,882
DA:89,13789
DA:90,13789
DA:91,13789
DA:92,11084
DA:93,11084
DA:94,9763
DA:96,1321
DA:97,64
DA:99,1257
DA:101,11020
DA:105,882
DA:109,96
DA:111,96
DA:112,96
DA:113,96
DA:114,96
DA:119,882
DA:120,882
DA:123,96
DA:127,17
LF:67
LH:67
BRDA:37,0,0,1772
BRDA:37,0,1,1772
BRDA:42,1,0,131128
BRDA:42,1,1,46072
BRDA:74,2,0,13749
BRDA:74,2,1,50
BRDA:75,3,0,11486
BRDA:75,3,1,2313
BRDA:75,4,0,13799
BRDA:75,4,1,13749
BRDA:75,4,2,11486
BRDA:91,5,0,11084
BRDA:91,5,1,2705
BRDA:93,6,0,9763
BRDA:93,6,1,1321
BRDA:96,7,0,64
BRDA:96,7,1,1257
BRDA:101,8,0,11020
BRDA:101,8,1,3740
BRF:19
BRH:19
end_of_record
TN:
SF:/project/src/models/CodePostalModel.js
FN:10,(anonymous_0)
FNF:1
FNH:1
FNDA:1,(anonymous_0)
DA:1,11
DA:2,11
DA:4,11
DA:10,11
DA:11,1
DA:14,11
DA:16,11
LF:7
LH:7
BRF:0
BRH:0
end_of_record
TN:
SF:/project/src/models/CommuneModel.js
FNF:0
FNH:0
DA:1,11
DA:2,11
DA:4,11
DA:9,11
DA:11,11
LF:5
LH:5
BRF:0
BRH:0
end_of_record
TN:
SF:/project/src/models/DepartementModel.js
FN:9,(anonymous_0)
FNF:1
FNH:1
FNDA:1,(anonymous_0)
DA:1,11
DA:2,11
DA:4,11
DA:9,11
DA:10,1
DA:13,11
DA:15,11
LF:7
LH:7
BRF:0
BRH:0
end_of_record
TN:
SF:/project/src/models/EtablissementModel.js
FN:71,(anonymous_0)
FN:75,(anonymous_1)
FN:79,(anonymous_2)
FN:112,(anonymous_3)
FN:118,(anonymous_4)
FN:198,(anonymous_5)
FN:257,(anonymous_6)
FN:259,(anonymous_7)
FN:267,(anonymous_8)
FN:268,(anonymous_9)
FN:280,(anonymous_10)
FN:281,(anonymous_11)
FN:286,(anonymous_12)
FN:290,(anonymous_13)
FN:294,(anonymous_14)
FNF:15
FNH:10
FNDA:1,(anonymous_0)
FNDA:1,(anonymous_1)
FNDA:8,(anonymous_2)
FNDA:15,(anonymous_3)
FNDA:15,(anonymous_4)
FNDA:0,(anonymous_5)
FNDA:0,(anonymous_6)
FNDA:0,(anonymous_7)
FNDA:0,(anonymous_8)
FNDA:0,(anonymous_9)
FNDA:9,(anonymous_10)
FNDA:9,(anonymous_11)
FNDA:3,(anonymous_12)
FNDA:3,(anonymous_13)
FNDA:3,(anonymous_14)
DA:3,11
DA:4,11
DA:5,11
DA:7,11
DA:71,11
DA:72,1
DA:75,11
DA:76,1
DA:79,11
DA:80,8
DA:82,8
DA:112,11
DA:113,15
DA:118,11
DA:120,15
DA:123,15
DA:124,15
DA:126,15
DA:130,15
DA:131,15
DA:132,15
DA:134,15
DA:135,6
DA:140,15
DA:142,15
DA:164,15
DA:165,1
DA:172,15
DA:173,1
DA:188,1
DA:195,15
DA:198,11
DA:202,0
DA:204,0
DA:207,0
DA:208,0
DA:210,0
DA:214,0
DA:215,0
DA:216,0
DA:218,0
DA:219,0
DA:224,0
DA:226,0
DA:249,0
DA:250,0
DA:257,0
DA:258,0
DA:259,0
DA:260,0
DA:266,0
DA:267,0
DA:268,0
DA:269,0
DA:274,0
DA:278,11
DA:280,11
DA:281,9
DA:282,9
DA:286,11
DA:287,3
DA:290,11
DA:291,3
DA:294,11
DA:295,3
DA:298,11
LF:66
LH:43
BRDA:113,0,0,0
BRDA:113,0,1,15
BRDA:113,1,0,15
BRDA:113,1,1,0
BRDA:120,2,0,6
BRDA:120,2,1,9
BRDA:120,3,0,15
BRDA:120,3,1,15
BRDA:134,4,0,6
BRDA:134,4,1,9
BRDA:164,5,0,1
BRDA:164,5,1,14
BRDA:172,6,0,1
BRDA:172,6,1,14
BRDA:172,7,0,15
BRDA:172,7,1,4
BRDA:204,8,0,0
BRDA:204,8,1,0
BRDA:204,9,0,0
BRDA:204,9,1,0
BRDA:218,10,0,0
BRDA:218,10,1,0
BRDA:249,11,0,0
BRDA:249,11,1,0
BRDA:258,12,0,0
BRDA:258,12,1,0
BRDA:266,13,0,0
BRDA:266,13,1,0
BRDA:266,14,0,0
BRDA:266,14,1,0
BRF:30
BRH:14
end_of_record
TN:
SF:/project/src/models/InteractionModel.js
FN:13,(anonymous_0)
FNF:1
FNH:1
FNDA:2,(anonymous_0)
DA:1,8
DA:2,8
DA:4,8
DA:13,8
DA:14,2
DA:19,8
DA:21,8
LF:7
LH:7
BRF:0
BRH:0
end_of_record
TN:
SF:/project/src/models/NomenclatureModel.js
FN:13,(anonymous_0)
FN:17,(anonymous_1)
FNF:2
FNH:2
FNDA:4,(anonymous_0)
FNDA:44,(anonymous_1)
DA:1,5
DA:2,5
DA:4,5
DA:13,5
DA:14,4
DA:17,5
DA:22,44
DA:25,5
DA:27,5
LF:9
LH:9
BRF:0
BRH:0
end_of_record
TN:
SF:/project/src/mongo/db.js
FNF:0
FNH:0
DA:1,16
DA:2,16
DA:4,16
LF:3
LH:3
BRF:0
BRH:0
end_of_record
TN:
SF:/project/src/utils/ObjectManipulations.js
FN:1,copyKeys
FN:4,(anonymous_1)
FN:15,deleteKeyIfNotDefinedOrEmpty
FN:27,clean
FNF:4
FNH:4
FNDA:9,copyKeys
FNDA:267,(anonymous_1)
FNDA:1160866,deleteKeyIfNotDefinedOrEmpty
FNDA:20035,clean
DA:2,9
DA:4,9
DA:6,267
DA:7,267
DA:8,267
DA:12,9
DA:16,1160866
DA:17,1160866
DA:23,290041
DA:28,20035
DA:29,1160860
LF:11
LH:11
BRDA:6,0,0,197
BRDA:6,0,1,70
BRDA:7,1,0,267
BRDA:7,1,1,0
BRDA:17,2,0,290041
BRDA:17,2,1,870825
BRDA:18,3,0,1160866
BRDA:18,3,1,1160864
BRDA:18,3,2,1160862
BRDA:18,3,3,1160852
BRDA:18,3,4,870827
BRDA:18,3,5,10
BRF:12
BRH:11
end_of_record
TN:
SF:/project/src/utils/index.js
FNF:0
FNH:0
LF:0
LH:0
BRF:0
BRH:0
end_of_record
